<?xml version="1.0" encoding="UTF-8"?>
<!-- Generated by org.testng.reporters.JUnitReportReporter -->
<testsuite hostname="Sirija" failures="0" tests="1" name="com.Aquiltrack.qa.Testcases.LoginTest" time="5.637" errors="0" timestamp="2022-03-29T05:29:47 IST" skipped="0">
  <testcase classname="com.Aquiltrack.qa.Testcases.LoginTest" name="loginmethod" time="5.637"/>
  <system-out/>
</testsuite> <!-- com.Aquiltrack.qa.Testcases.LoginTest -->
