<?xml version="1.0" encoding="UTF-8"?>
<!-- Generated by org.testng.reporters.JUnitReportReporter -->
<testsuite hostname="Sirija" failures="0" tests="1" name="com.Aquiltrack.qa.Testcases.AlertsTest" time="14.235" errors="0" timestamp="2022-03-29T05:33:10 IST" skipped="0">
  <testcase classname="com.Aquiltrack.qa.Testcases.AlertsTest" name="vehicle_ALert_hour" time="14.235"/>
  <system-out/>
</testsuite> <!-- com.Aquiltrack.qa.Testcases.AlertsTest -->
