<?xml version="1.0" encoding="UTF-8"?>
<!-- Generated by org.testng.reporters.JUnitReportReporter -->
<testsuite hostname="sirijagowd" failures="0" tests="4" name="com.Aquiltrack.qa.Testcases.AccountTestcase" time="1.343" errors="0" timestamp="2022-03-17T12:38:20 IST" skipped="2">
  <testcase classname="com.Aquiltrack.qa.Testcases.AccountTestcase" name="verifyuseraccount" time="0.361"/>
  <system-out/>
  <testcase classname="com.Aquiltrack.qa.Testcases.AccountTestcase" name="verifyusername" time="0.982"/>
  <system-out/>
  <testcase classname="com.Aquiltrack.qa.Testcases.AccountTestcase" name="verifynoofdevices">
    <skipped/>
  </testcase> <!-- verifynoofdevices -->
  <system-out/>
  <testcase classname="com.Aquiltrack.qa.Testcases.AccountTestcase" name="changepwd">
    <skipped/>
  </testcase> <!-- changepwd -->
  <system-out/>
</testsuite> <!-- com.Aquiltrack.qa.Testcases.AccountTestcase -->
