<?xml version="1.0" encoding="UTF-8"?>
<!-- Generated by org.testng.reporters.JUnitReportReporter -->
<testsuite hostname="Sirija" failures="0" tests="2" name="com.Aquiltrack.qa.Testcases.Trips_Tcs" time="9.534" errors="0" timestamp="2022-03-29T17:52:18 IST" skipped="0">
  <testcase classname="com.Aquiltrack.qa.Testcases.Trips_Tcs" name="Trips" time="8.679"/>
  <system-out/>
  <testcase classname="com.Aquiltrack.qa.Testcases.Trips_Tcs" name="Create_Trip" time="0.855"/>
  <system-out/>
</testsuite> <!-- com.Aquiltrack.qa.Testcases.Trips_Tcs -->
