<?xml version="1.0" encoding="UTF-8"?>
<!-- Generated by org.testng.reporters.JUnitReportReporter -->
<testsuite hostname="sirijagowd" failures="0" tests="2" name="com.Aquiltrack.qa.Testcases.KM_Report_TCs" time="12.039" errors="0" timestamp="2022-03-17T12:38:20 IST" skipped="0">
  <testcase classname="com.Aquiltrack.qa.Testcases.KM_Report_TCs" name="km_Daily" time="5.706"/>
  <system-out/>
  <testcase classname="com.Aquiltrack.qa.Testcases.KM_Report_TCs" name="km_Month" time="6.333"/>
  <system-out/>
</testsuite> <!-- com.Aquiltrack.qa.Testcases.KM_Report_TCs -->
