<?xml version="1.0" encoding="UTF-8"?>
<!-- Generated by org.testng.reporters.JUnitReportReporter -->
<testsuite hostname="sirija-gowd" failures="0" tests="2" name="com.Aquiltrack.qa.Testcases.DashboardTest" time="0.640" errors="0" timestamp="2022-04-01T15:48:34 IST" skipped="1">
  <testcase classname="com.Aquiltrack.qa.Testcases.DashboardTest" name="clickontoggle" time="0.640"/>
  <system-out/>
  <testcase classname="com.Aquiltrack.qa.Testcases.DashboardTest" name="clickOnOfflineVehicle">
    <skipped/>
  </testcase> <!-- clickOnOfflineVehicle -->
  <system-out/>
</testsuite> <!-- com.Aquiltrack.qa.Testcases.DashboardTest -->
