<?xml version="1.0" encoding="UTF-8"?>
<!-- Generated by org.testng.reporters.JUnitReportReporter -->
<testsuite hostname="Sirija" failures="0" tests="1" name="com.Aquiltrack.qa.Testcases.Reports_TCs" time="9.653" errors="0" timestamp="2022-03-29T06:20:04 IST" skipped="0">
  <testcase classname="com.Aquiltrack.qa.Testcases.Reports_TCs" name="Current_Summary_report" time="9.653"/>
  <system-out/>
</testsuite> <!-- com.Aquiltrack.qa.Testcases.Reports_TCs -->
