<?xml version="1.0" encoding="UTF-8"?>
<!-- Generated by org.testng.reporters.JUnitReportReporter -->
<testsuite hostname="sirijagowd" failures="0" tests="4" name="com.Aquiltrack.qa.Testcases.AOITest" time="14.527" errors="0" timestamp="2022-03-17T16:28:41 IST" skipped="2">
  <testcase classname="com.Aquiltrack.qa.Testcases.AOITest" name="createAOIUsingCircleAndPlacesTest" time="4.511"/>
  <system-out/>
  <testcase classname="com.Aquiltrack.qa.Testcases.AOITest" name="editAOITest" time="10.016"/>
  <system-out/>
  <testcase classname="com.Aquiltrack.qa.Testcases.AOITest" name="test">
    <skipped/>
  </testcase> <!-- test -->
  <system-out/>
  <testcase classname="com.Aquiltrack.qa.Testcases.AOITest" name="AOiupload">
    <skipped/>
  </testcase> <!-- AOiupload -->
  <system-out/>
</testsuite> <!-- com.Aquiltrack.qa.Testcases.AOITest -->
