<?xml version="1.0" encoding="UTF-8"?>
<!-- Generated by org.testng.reporters.JUnitReportReporter -->
<testsuite hostname="swati-Latitude-E5250" failures="0" tests="9" name="com.Aquiltrack.qa.Testcases.AOITest" time="49.388" errors="0" timestamp="2022-02-04T09:46:23 IST" skipped="2">
  <testcase classname="com.Aquiltrack.qa.Testcases.AOITest" name="createAOIUsingCircleAndCoordinatesTest" time="6.027"/>
  <system-out/>
  <testcase classname="com.Aquiltrack.qa.Testcases.AOITest" name="createAOIUsingPolygonAndPlacesTest" time="7.372"/>
  <system-out/>
  <testcase classname="com.Aquiltrack.qa.Testcases.AOITest" name="createAOIUsingPolygonAndCoordinatesTest" time="8.370"/>
  <system-out/>
  <testcase classname="com.Aquiltrack.qa.Testcases.AOITest" name="createAOIUsingCircleAndPlacesTest" time="5.483"/>
  <system-out/>
  <testcase classname="com.Aquiltrack.qa.Testcases.AOITest" name="AoibulkDownload" time="2.133"/>
  <system-out/>
  <testcase classname="com.Aquiltrack.qa.Testcases.AOITest" name="editAOITest" time="12.180"/>
  <system-out/>
  <testcase classname="com.Aquiltrack.qa.Testcases.AOITest" name="testdeleteAOI" time="7.823"/>
  <system-out/>
  <testcase classname="com.Aquiltrack.qa.Testcases.AOITest" name="test">
    <skipped/>
  </testcase> <!-- test -->
  <system-out/>
  <testcase classname="com.Aquiltrack.qa.Testcases.AOITest" name="AOiupload">
    <skipped/>
  </testcase> <!-- AOiupload -->
  <system-out/>
</testsuite> <!-- com.Aquiltrack.qa.Testcases.AOITest -->
