<?xml version="1.0" encoding="UTF-8"?>
<!-- Generated by org.testng.reporters.JUnitReportReporter -->
<testsuite hostname="swati-Latitude-E5250" failures="0" tests="1" name="com.Aquilatrack.qa.pages.ParameterTest" time="7.459" errors="0" timestamp="2021-12-22T14:06:59 IST" skipped="0">
  <testcase classname="com.Aquilatrack.qa.pages.ParameterTest" name="moduletest" time="7.459"/>
  <system-out/>
</testsuite> <!-- com.Aquilatrack.qa.pages.ParameterTest -->
