<?xml version="1.0" encoding="UTF-8"?>
<!-- Generated by org.testng.reporters.JUnitReportReporter -->
<testsuite hostname="swati-Latitude-E5250" failures="0" tests="1" name="com.Aquiltrack.qa.Testcases.LoginTest" time="3.872" errors="0" timestamp="2022-02-04T09:46:23 IST" skipped="0">
  <testcase classname="com.Aquiltrack.qa.Testcases.LoginTest" name="loginmethod" time="3.872"/>
  <system-out/>
</testsuite> <!-- com.Aquiltrack.qa.Testcases.LoginTest -->
