<?xml version="1.0" encoding="UTF-8"?>
<!-- Generated by org.testng.reporters.JUnitReportReporter -->
<testsuite hostname="swati-Latitude-E5250" failures="0" tests="2" name="com.Aquiltrack.qa.Testcases.UserTest" time="11.767" errors="0" timestamp="2022-02-04T14:56:25 IST" skipped="0">
  <testcase classname="com.Aquiltrack.qa.Testcases.UserTest" name="CreateRole" time="4.436"/>
  <system-out/>
  <testcase classname="com.Aquiltrack.qa.Testcases.UserTest" name="createUser" time="7.331"/>
  <system-out/>
</testsuite> <!-- com.Aquiltrack.qa.Testcases.UserTest -->
