<?xml version="1.0" encoding="UTF-8"?>
<!-- Generated by org.testng.reporters.JUnitReportReporter -->
<testsuite hostname="swati-Latitude-E5250" failures="0" tests="3" name="com.Aquiltrack.qa.Testcases.Routetestcases" time="60.321" errors="0" timestamp="2022-02-04T09:46:23 IST" skipped="0">
  <testcase classname="com.Aquiltrack.qa.Testcases.Routetestcases" name="createRouteUsingAOIsTest" time="31.560"/>
  <system-out/>
  <testcase classname="com.Aquiltrack.qa.Testcases.Routetestcases" name="editRouteDetailsTest" time="20.987"/>
  <system-out/>
  <testcase classname="com.Aquiltrack.qa.Testcases.Routetestcases" name="deleteRouteTest" time="7.774"/>
  <system-out/>
</testsuite> <!-- com.Aquiltrack.qa.Testcases.Routetestcases -->
