<?xml version="1.0" encoding="UTF-8"?>
<!-- Generated by org.testng.reporters.JUnitReportReporter -->
<testsuite hostname="Sirija" failures="0" tests="4" name="com.Aquiltrack.qa.Testcases.Activitytest" time="17.551" errors="0" timestamp="2022-02-17T11:47:37 IST" skipped="0">
  <testcase classname="com.Aquiltrack.qa.Testcases.Activitytest" name="verifyactivitylastweek" time="5.870"/>
  <system-out/>
  <testcase classname="com.Aquiltrack.qa.Testcases.Activitytest" name="verifyactivitylastmonth" time="3.999"/>
  <system-out/>
  <testcase classname="com.Aquiltrack.qa.Testcases.Activitytest" name="verifyactivitycustom" time="4.374"/>
  <system-out/>
  <testcase classname="com.Aquiltrack.qa.Testcases.Activitytest" name="verifysearchvehicle" time="3.308"/>
  <system-out/>
</testsuite> <!-- com.Aquiltrack.qa.Testcases.Activitytest -->
