<?xml version="1.0" encoding="UTF-8"?>
<!-- Generated by org.testng.reporters.JUnitReportReporter -->
<testsuite hostname="swati-Latitude-E5250" failures="0" tests="15" name="com.Aquiltrack.qa.Testcases.DashboardTest" time="64.901" errors="0" timestamp="2022-02-04T09:46:23 IST" skipped="1">
  <testcase classname="com.Aquiltrack.qa.Testcases.DashboardTest" name="trackingButtonIsEnabledTest" time="1.071"/>
  <system-out/>
  <testcase classname="com.Aquiltrack.qa.Testcases.DashboardTest" name="nonTrackingButtonIsEnabledTest" time="1.447"/>
  <system-out/>
  <testcase classname="com.Aquiltrack.qa.Testcases.DashboardTest" name="TrackingButtonIsEnabledTestClick" time="2.478"/>
  <system-out/>
  <testcase classname="com.Aquiltrack.qa.Testcases.DashboardTest" name="NOnTrackingButtonIsEnabledTestClick" time="2.688"/>
  <system-out/>
  <testcase classname="com.Aquiltrack.qa.Testcases.DashboardTest" name="links" time="11.618"/>
  <system-out/>
  <testcase classname="com.Aquiltrack.qa.Testcases.DashboardTest" name="currentTrackinfoPageTest" time="3.103"/>
  <system-out/>
  <testcase classname="com.Aquiltrack.qa.Testcases.DashboardTest" name="SearchedResuktAtCurrentTrackinfoPageTest" time="2.692"/>
  <system-out/>
  <testcase classname="com.Aquiltrack.qa.Testcases.DashboardTest" name="downloadiconAtCurrentTracknfoTest" time="2.380"/>
  <system-out/>
  <testcase classname="com.Aquiltrack.qa.Testcases.DashboardTest" name="viewColumnAtCurrentTracknfoTest" time="12.368"/>
  <system-out/>
  <testcase classname="com.Aquiltrack.qa.Testcases.DashboardTest" name="currentSummaryPageTest" time="1.560"/>
  <system-out/>
  <testcase classname="com.Aquiltrack.qa.Testcases.DashboardTest" name="SearchedResuktAtCurrentSummaryPageTest" time="3.610"/>
  <system-out/>
  <testcase classname="com.Aquiltrack.qa.Testcases.DashboardTest" name="viewColumnAtCurrentSummaryTest" time="11.729"/>
  <system-out/>
  <testcase classname="com.Aquiltrack.qa.Testcases.DashboardTest" name="downloadiconAtCurrentSummaryTest" time="2.548"/>
  <system-out/>
  <testcase classname="com.Aquiltrack.qa.Testcases.DashboardTest" name="clickonlivealert" time="5.609"/>
  <system-out/>
  <testcase classname="com.Aquiltrack.qa.Testcases.DashboardTest" name="clickontoggle">
    <skipped/>
  </testcase> <!-- clickontoggle -->
  <system-out/>
</testsuite> <!-- com.Aquiltrack.qa.Testcases.DashboardTest -->
