<?xml version="1.0" encoding="UTF-8"?>
<!-- Generated by org.testng.reporters.JUnitReportReporter -->
<testsuite hostname="swati-Latitude-E5250" failures="0" tests="2" name="com.Aquiltrack.qa.Testcases.DashTest" time="1.724" errors="0" timestamp="2022-01-31T08:51:27 IST" skipped="1">
  <testcase classname="com.Aquiltrack.qa.Testcases.DashTest" name="currentTrackinfoPageTest" time="1.724"/>
  <system-out/>
  <testcase classname="com.Aquiltrack.qa.Testcases.DashTest" name="clickontoggle">
    <skipped/>
  </testcase> <!-- clickontoggle -->
  <system-out/>
</testsuite> <!-- com.Aquiltrack.qa.Testcases.DashTest -->
