<?xml version="1.0" encoding="UTF-8"?>
<!-- Generated by org.testng.reporters.JUnitReportReporter -->
<testsuite hostname="Sirija" failures="0" tests="2" name="com.Aquiltrack.qa.Testcases.KM_Report_TCs" time="12.655" errors="0" timestamp="2022-02-17T12:12:13 IST" skipped="0">
  <testcase classname="com.Aquiltrack.qa.Testcases.KM_Report_TCs" name="km_Daily" time="6.040"/>
  <system-out/>
  <testcase classname="com.Aquiltrack.qa.Testcases.KM_Report_TCs" name="km_Month" time="6.615"/>
  <system-out/>
</testsuite> <!-- com.Aquiltrack.qa.Testcases.KM_Report_TCs -->
