<?xml version="1.0" encoding="UTF-8"?>
<!-- Generated by org.testng.reporters.JUnitReportReporter -->
<testsuite hostname="swati-Latitude-E5250" failures="0" tests="1" name="com.Aquilatrack.reports.ExtentReport" time="1.388" errors="0" timestamp="2022-01-15T22:29:30 IST" skipped="0">
  <testcase classname="com.Aquilatrack.reports.ExtentReport" name="extenttest" time="1.388"/>
  <system-out/>
</testsuite> <!-- com.Aquilatrack.reports.ExtentReport -->
