<?xml version="1.0" encoding="UTF-8"?>
<!-- Generated by org.testng.reporters.JUnitReportReporter -->
<testsuite hostname="Sirija" failures="0" tests="4" name="com.Aquiltrack.qa.Testcases.AlertsTest" time="56.560" errors="0" timestamp="2022-02-17T11:52:17 IST" skipped="0">
  <testcase classname="com.Aquiltrack.qa.Testcases.AlertsTest" name="vehicle_ALert_hour" time="13.716"/>
  <system-out/>
  <testcase classname="com.Aquiltrack.qa.Testcases.AlertsTest" name="vehicle_ALert_Day" time="13.328"/>
  <system-out/>
  <testcase classname="com.Aquiltrack.qa.Testcases.AlertsTest" name="vehicle_ALert_Week" time="14.360"/>
  <system-out/>
  <testcase classname="com.Aquiltrack.qa.Testcases.AlertsTest" name="vehicle_ALert_Month" time="15.156"/>
  <system-out/>
</testsuite> <!-- com.Aquiltrack.qa.Testcases.AlertsTest -->
