<?xml version="1.0" encoding="UTF-8"?>
<!-- Generated by org.testng.reporters.JUnitReportReporter -->
<testsuite hostname="swati-Latitude-E5250" failures="0" tests="1" name="com.Aquilatrack.reports.Attachlogo" time="3.565" errors="0" timestamp="2022-01-16T13:03:31 IST" skipped="0">
  <testcase classname="com.Aquilatrack.reports.Attachlogo" name="attachlogo" time="3.565"/>
  <system-out/>
</testsuite> <!-- com.Aquilatrack.reports.Attachlogo -->
