<?xml version="1.0" encoding="UTF-8"?>
<!-- Generated by org.testng.reporters.JUnitReportReporter -->
<testsuite hostname="swati-Latitude-E5250" failures="0" tests="5" name="com.Aquiltrack.qa.Testcases.Driverstestcase" time="25.099" errors="0" timestamp="2022-02-04T09:46:23 IST" skipped="1">
  <testcase classname="com.Aquiltrack.qa.Testcases.Driverstestcase" name="add" time="7.993"/>
  <system-out/>
  <testcase classname="com.Aquiltrack.qa.Testcases.Driverstestcase" name="driverbtn" time="1.147"/>
  <system-out/>
  <testcase classname="com.Aquiltrack.qa.Testcases.Driverstestcase" name="downloadbtn" time="1.445"/>
  <system-out/>
  <testcase classname="com.Aquiltrack.qa.Testcases.Driverstestcase" name="Edit_DriverDetails" time="14.514"/>
  <system-out/>
  <testcase classname="com.Aquiltrack.qa.Testcases.Driverstestcase" name="bulkUpload_Driver">
    <skipped/>
  </testcase> <!-- bulkUpload_Driver -->
  <system-out/>
</testsuite> <!-- com.Aquiltrack.qa.Testcases.Driverstestcase -->
