<?xml version="1.0" encoding="UTF-8"?>
<!-- Generated by org.testng.reporters.JUnitReportReporter -->
<testsuite hostname="swati-Latitude-E5250" failures="0" tests="1" name="com.Aquilatrack.reports.AttachScreenshot" time="29.581" errors="0" timestamp="2022-01-16T19:05:35 IST" skipped="0">
  <testcase classname="com.Aquilatrack.reports.AttachScreenshot" name="attachscreen" time="29.581"/>
  <system-out/>
</testsuite> <!-- com.Aquilatrack.reports.AttachScreenshot -->
